2015/02/04 19:42:02 [error] [exception.CException] exception 'CException' with message 'CAssetManager.basePath "E:\wamp2\www\congno\assets" is invalid. Please make sure the directory exists and is writable by the Web server process.' in E:\wamp2\www\framework\web\CAssetManager.php:138
Stack trace:
#0 E:\wamp2\www\framework\web\CAssetManager.php(123): CAssetManager->setBasePath('E:\\wamp2\\www\\co...')
#1 E:\wamp2\www\framework\web\CAssetManager.php(217): CAssetManager->getBasePath()
#2 E:\wamp2\www\framework\web\CClientScript.php(510): CAssetManager->publish('E:\\wamp2\\www\\fr...')
#3 E:\wamp2\www\framework\web\CClientScript.php(547): CClientScript->getCoreScriptUrl()
#4 E:\wamp2\www\framework\web\CClientScript.php(348): CClientScript->getPackageBaseUrl('jquery')
#5 E:\wamp2\www\framework\web\CClientScript.php(208): CClientScript->renderCoreScripts()
#6 E:\wamp2\www\framework\web\CController.php(351): CClientScript->render('<!DOCTYPE html ...')
#7 E:\wamp2\www\framework\web\CController.php(788): CController->processOutput('<!DOCTYPE html ...')
#8 E:\wamp2\www\congno\protected\controllers\SiteController.php(100): CController->render('login', Array)
#9 E:\wamp2\www\framework\web\actions\CInlineAction.php(49): SiteController->actionLogin()
#10 E:\wamp2\www\framework\web\CController.php(308): CInlineAction->runWithParams(Array)
#11 E:\wamp2\www\framework\web\CController.php(286): CController->runAction(Object(CInlineAction))
#12 E:\wamp2\www\framework\web\CController.php(265): CController->runActionWithFilters(Object(CInlineAction), Array)
#13 E:\wamp2\www\framework\web\CWebApplication.php(282): CController->run('login')
#14 E:\wamp2\www\framework\web\CWebApplication.php(141): CWebApplication->runController('site/login')
#15 E:\wamp2\www\framework\base\CApplication.php(180): CWebApplication->processRequest()
#16 E:\wamp2\www\congno\index.php(13): CApplication->run()
#17 {main}
REQUEST_URI=/congno/index.php/site/login
HTTP_REFERER=http://localhost/congno/
---
2015/02/04 19:42:04 [error] [exception.CException] exception 'CException' with message 'CAssetManager.basePath "E:\wamp2\www\congno\assets" is invalid. Please make sure the directory exists and is writable by the Web server process.' in E:\wamp2\www\framework\web\CAssetManager.php:138
Stack trace:
#0 E:\wamp2\www\framework\web\CAssetManager.php(123): CAssetManager->setBasePath('E:\\wamp2\\www\\co...')
#1 E:\wamp2\www\framework\web\CAssetManager.php(217): CAssetManager->getBasePath()
#2 E:\wamp2\www\framework\web\CClientScript.php(510): CAssetManager->publish('E:\\wamp2\\www\\fr...')
#3 E:\wamp2\www\framework\web\CClientScript.php(547): CClientScript->getCoreScriptUrl()
#4 E:\wamp2\www\framework\web\CClientScript.php(348): CClientScript->getPackageBaseUrl('jquery')
#5 E:\wamp2\www\framework\web\CClientScript.php(208): CClientScript->renderCoreScripts()
#6 E:\wamp2\www\framework\web\CController.php(351): CClientScript->render('<!DOCTYPE html ...')
#7 E:\wamp2\www\framework\web\CController.php(788): CController->processOutput('<!DOCTYPE html ...')
#8 E:\wamp2\www\congno\protected\controllers\SiteController.php(100): CController->render('login', Array)
#9 E:\wamp2\www\framework\web\actions\CInlineAction.php(49): SiteController->actionLogin()
#10 E:\wamp2\www\framework\web\CController.php(308): CInlineAction->runWithParams(Array)
#11 E:\wamp2\www\framework\web\CController.php(286): CController->runAction(Object(CInlineAction))
#12 E:\wamp2\www\framework\web\CController.php(265): CController->runActionWithFilters(Object(CInlineAction), Array)
#13 E:\wamp2\www\framework\web\CWebApplication.php(282): CController->run('login')
#14 E:\wamp2\www\framework\web\CWebApplication.php(141): CWebApplication->runController('site/login')
#15 E:\wamp2\www\framework\base\CApplication.php(180): CWebApplication->processRequest()
#16 E:\wamp2\www\congno\index.php(13): CApplication->run()
#17 {main}
REQUEST_URI=/congno/index.php/site/login
---
2015/02/04 19:42:06 [error] [exception.CException] exception 'CException' with message 'CAssetManager.basePath "E:\wamp2\www\congno\assets" is invalid. Please make sure the directory exists and is writable by the Web server process.' in E:\wamp2\www\framework\web\CAssetManager.php:138
Stack trace:
#0 E:\wamp2\www\framework\web\CAssetManager.php(123): CAssetManager->setBasePath('E:\\wamp2\\www\\co...')
#1 E:\wamp2\www\framework\web\CAssetManager.php(217): CAssetManager->getBasePath()
#2 E:\wamp2\www\framework\web\CClientScript.php(510): CAssetManager->publish('E:\\wamp2\\www\\fr...')
#3 E:\wamp2\www\framework\web\CClientScript.php(547): CClientScript->getCoreScriptUrl()
#4 E:\wamp2\www\framework\web\CClientScript.php(348): CClientScript->getPackageBaseUrl('jquery')
#5 E:\wamp2\www\framework\web\CClientScript.php(208): CClientScript->renderCoreScripts()
#6 E:\wamp2\www\framework\web\CController.php(351): CClientScript->render('<!DOCTYPE html ...')
#7 E:\wamp2\www\framework\web\CController.php(788): CController->processOutput('<!DOCTYPE html ...')
#8 E:\wamp2\www\congno\protected\controllers\SiteController.php(100): CController->render('login', Array)
#9 E:\wamp2\www\framework\web\actions\CInlineAction.php(49): SiteController->actionLogin()
#10 E:\wamp2\www\framework\web\CController.php(308): CInlineAction->runWithParams(Array)
#11 E:\wamp2\www\framework\web\CController.php(286): CController->runAction(Object(CInlineAction))
#12 E:\wamp2\www\framework\web\CController.php(265): CController->runActionWithFilters(Object(CInlineAction), Array)
#13 E:\wamp2\www\framework\web\CWebApplication.php(282): CController->run('login')
#14 E:\wamp2\www\framework\web\CWebApplication.php(141): CWebApplication->runController('site/login')
#15 E:\wamp2\www\framework\base\CApplication.php(180): CWebApplication->processRequest()
#16 E:\wamp2\www\congno\index.php(13): CApplication->run()
#17 {main}
REQUEST_URI=/congno/index.php/site/login
---
2015/02/04 19:42:08 [error] [exception.CException] exception 'CException' with message 'CAssetManager.basePath "E:\wamp2\www\congno\assets" is invalid. Please make sure the directory exists and is writable by the Web server process.' in E:\wamp2\www\framework\web\CAssetManager.php:138
Stack trace:
#0 E:\wamp2\www\framework\web\CAssetManager.php(123): CAssetManager->setBasePath('E:\\wamp2\\www\\co...')
#1 E:\wamp2\www\framework\web\CAssetManager.php(217): CAssetManager->getBasePath()
#2 E:\wamp2\www\framework\web\CClientScript.php(510): CAssetManager->publish('E:\\wamp2\\www\\fr...')
#3 E:\wamp2\www\framework\web\CClientScript.php(547): CClientScript->getCoreScriptUrl()
#4 E:\wamp2\www\framework\web\CClientScript.php(348): CClientScript->getPackageBaseUrl('jquery')
#5 E:\wamp2\www\framework\web\CClientScript.php(208): CClientScript->renderCoreScripts()
#6 E:\wamp2\www\framework\web\CController.php(351): CClientScript->render('<!DOCTYPE html ...')
#7 E:\wamp2\www\framework\web\CController.php(788): CController->processOutput('<!DOCTYPE html ...')
#8 E:\wamp2\www\congno\protected\controllers\SiteController.php(100): CController->render('login', Array)
#9 E:\wamp2\www\framework\web\actions\CInlineAction.php(49): SiteController->actionLogin()
#10 E:\wamp2\www\framework\web\CController.php(308): CInlineAction->runWithParams(Array)
#11 E:\wamp2\www\framework\web\CController.php(286): CController->runAction(Object(CInlineAction))
#12 E:\wamp2\www\framework\web\CController.php(265): CController->runActionWithFilters(Object(CInlineAction), Array)
#13 E:\wamp2\www\framework\web\CWebApplication.php(282): CController->run('login')
#14 E:\wamp2\www\framework\web\CWebApplication.php(141): CWebApplication->runController('site/login')
#15 E:\wamp2\www\framework\base\CApplication.php(180): CWebApplication->processRequest()
#16 E:\wamp2\www\congno\index.php(13): CApplication->run()
#17 {main}
REQUEST_URI=/congno/index.php/site/login
---
2015/02/04 19:42:09 [error] [exception.CException] exception 'CException' with message 'CAssetManager.basePath "E:\wamp2\www\congno\assets" is invalid. Please make sure the directory exists and is writable by the Web server process.' in E:\wamp2\www\framework\web\CAssetManager.php:138
Stack trace:
#0 E:\wamp2\www\framework\web\CAssetManager.php(123): CAssetManager->setBasePath('E:\\wamp2\\www\\co...')
#1 E:\wamp2\www\framework\web\CAssetManager.php(217): CAssetManager->getBasePath()
#2 E:\wamp2\www\framework\web\CClientScript.php(510): CAssetManager->publish('E:\\wamp2\\www\\fr...')
#3 E:\wamp2\www\framework\web\CClientScript.php(547): CClientScript->getCoreScriptUrl()
#4 E:\wamp2\www\framework\web\CClientScript.php(348): CClientScript->getPackageBaseUrl('jquery')
#5 E:\wamp2\www\framework\web\CClientScript.php(208): CClientScript->renderCoreScripts()
#6 E:\wamp2\www\framework\web\CController.php(351): CClientScript->render('<!DOCTYPE html ...')
#7 E:\wamp2\www\framework\web\CController.php(788): CController->processOutput('<!DOCTYPE html ...')
#8 E:\wamp2\www\congno\protected\controllers\SiteController.php(100): CController->render('login', Array)
#9 E:\wamp2\www\framework\web\actions\CInlineAction.php(49): SiteController->actionLogin()
#10 E:\wamp2\www\framework\web\CController.php(308): CInlineAction->runWithParams(Array)
#11 E:\wamp2\www\framework\web\CController.php(286): CController->runAction(Object(CInlineAction))
#12 E:\wamp2\www\framework\web\CController.php(265): CController->runActionWithFilters(Object(CInlineAction), Array)
#13 E:\wamp2\www\framework\web\CWebApplication.php(282): CController->run('login')
#14 E:\wamp2\www\framework\web\CWebApplication.php(141): CWebApplication->runController('site/login')
#15 E:\wamp2\www\framework\base\CApplication.php(180): CWebApplication->processRequest()
#16 E:\wamp2\www\congno\index.php(13): CApplication->run()
#17 {main}
REQUEST_URI=/congno/index.php/site/login
---
2015/02/04 19:42:10 [error] [exception.CException] exception 'CException' with message 'CAssetManager.basePath "E:\wamp2\www\congno\assets" is invalid. Please make sure the directory exists and is writable by the Web server process.' in E:\wamp2\www\framework\web\CAssetManager.php:138
Stack trace:
#0 E:\wamp2\www\framework\web\CAssetManager.php(123): CAssetManager->setBasePath('E:\\wamp2\\www\\co...')
#1 E:\wamp2\www\framework\web\CAssetManager.php(217): CAssetManager->getBasePath()
#2 E:\wamp2\www\framework\web\CClientScript.php(510): CAssetManager->publish('E:\\wamp2\\www\\fr...')
#3 E:\wamp2\www\framework\web\CClientScript.php(547): CClientScript->getCoreScriptUrl()
#4 E:\wamp2\www\framework\web\CClientScript.php(348): CClientScript->getPackageBaseUrl('jquery')
#5 E:\wamp2\www\framework\web\CClientScript.php(208): CClientScript->renderCoreScripts()
#6 E:\wamp2\www\framework\web\CController.php(351): CClientScript->render('<!DOCTYPE html ...')
#7 E:\wamp2\www\framework\web\CController.php(788): CController->processOutput('<!DOCTYPE html ...')
#8 E:\wamp2\www\congno\protected\controllers\SiteController.php(100): CController->render('login', Array)
#9 E:\wamp2\www\framework\web\actions\CInlineAction.php(49): SiteController->actionLogin()
#10 E:\wamp2\www\framework\web\CController.php(308): CInlineAction->runWithParams(Array)
#11 E:\wamp2\www\framework\web\CController.php(286): CController->runAction(Object(CInlineAction))
#12 E:\wamp2\www\framework\web\CController.php(265): CController->runActionWithFilters(Object(CInlineAction), Array)
#13 E:\wamp2\www\framework\web\CWebApplication.php(282): CController->run('login')
#14 E:\wamp2\www\framework\web\CWebApplication.php(141): CWebApplication->runController('site/login')
#15 E:\wamp2\www\framework\base\CApplication.php(180): CWebApplication->processRequest()
#16 E:\wamp2\www\congno\index.php(13): CApplication->run()
#17 {main}
REQUEST_URI=/congno/index.php/site/login
---
2015/02/04 19:42:14 [error] [exception.CException] exception 'CException' with message 'CAssetManager.basePath "E:\wamp2\www\congno\assets" is invalid. Please make sure the directory exists and is writable by the Web server process.' in E:\wamp2\www\framework\web\CAssetManager.php:138
Stack trace:
#0 E:\wamp2\www\framework\web\CAssetManager.php(123): CAssetManager->setBasePath('E:\\wamp2\\www\\co...')
#1 E:\wamp2\www\framework\web\CAssetManager.php(217): CAssetManager->getBasePath()
#2 E:\wamp2\www\framework\web\CClientScript.php(510): CAssetManager->publish('E:\\wamp2\\www\\fr...')
#3 E:\wamp2\www\framework\web\CClientScript.php(547): CClientScript->getCoreScriptUrl()
#4 E:\wamp2\www\framework\web\CClientScript.php(348): CClientScript->getPackageBaseUrl('jquery')
#5 E:\wamp2\www\framework\web\CClientScript.php(208): CClientScript->renderCoreScripts()
#6 E:\wamp2\www\framework\web\CController.php(351): CClientScript->render('<!DOCTYPE html ...')
#7 E:\wamp2\www\framework\web\CController.php(788): CController->processOutput('<!DOCTYPE html ...')
#8 E:\wamp2\www\congno\protected\controllers\SiteController.php(100): CController->render('login', Array)
#9 E:\wamp2\www\framework\web\actions\CInlineAction.php(49): SiteController->actionLogin()
#10 E:\wamp2\www\framework\web\CController.php(308): CInlineAction->runWithParams(Array)
#11 E:\wamp2\www\framework\web\CController.php(286): CController->runAction(Object(CInlineAction))
#12 E:\wamp2\www\framework\web\CController.php(265): CController->runActionWithFilters(Object(CInlineAction), Array)
#13 E:\wamp2\www\framework\web\CWebApplication.php(282): CController->run('login')
#14 E:\wamp2\www\framework\web\CWebApplication.php(141): CWebApplication->runController('site/login')
#15 E:\wamp2\www\framework\base\CApplication.php(180): CWebApplication->processRequest()
#16 E:\wamp2\www\congno\index.php(13): CApplication->run()
#17 {main}
REQUEST_URI=/congno/index.php/site/login
---
2015/02/04 19:42:15 [error] [exception.CException] exception 'CException' with message 'CAssetManager.basePath "E:\wamp2\www\congno\assets" is invalid. Please make sure the directory exists and is writable by the Web server process.' in E:\wamp2\www\framework\web\CAssetManager.php:138
Stack trace:
#0 E:\wamp2\www\framework\web\CAssetManager.php(123): CAssetManager->setBasePath('E:\\wamp2\\www\\co...')
#1 E:\wamp2\www\framework\web\CAssetManager.php(217): CAssetManager->getBasePath()
#2 E:\wamp2\www\framework\web\CClientScript.php(510): CAssetManager->publish('E:\\wamp2\\www\\fr...')
#3 E:\wamp2\www\framework\web\CClientScript.php(547): CClientScript->getCoreScriptUrl()
#4 E:\wamp2\www\framework\web\CClientScript.php(348): CClientScript->getPackageBaseUrl('jquery')
#5 E:\wamp2\www\framework\web\CClientScript.php(208): CClientScript->renderCoreScripts()
#6 E:\wamp2\www\framework\web\CController.php(351): CClientScript->render('<!DOCTYPE html ...')
#7 E:\wamp2\www\framework\web\CController.php(788): CController->processOutput('<!DOCTYPE html ...')
#8 E:\wamp2\www\congno\protected\controllers\SiteController.php(100): CController->render('login', Array)
#9 E:\wamp2\www\framework\web\actions\CInlineAction.php(49): SiteController->actionLogin()
#10 E:\wamp2\www\framework\web\CController.php(308): CInlineAction->runWithParams(Array)
#11 E:\wamp2\www\framework\web\CController.php(286): CController->runAction(Object(CInlineAction))
#12 E:\wamp2\www\framework\web\CController.php(265): CController->runActionWithFilters(Object(CInlineAction), Array)
#13 E:\wamp2\www\framework\web\CWebApplication.php(282): CController->run('login')
#14 E:\wamp2\www\framework\web\CWebApplication.php(141): CWebApplication->runController('site/login')
#15 E:\wamp2\www\framework\base\CApplication.php(180): CWebApplication->processRequest()
#16 E:\wamp2\www\congno\index.php(13): CApplication->run()
#17 {main}
REQUEST_URI=/congno/index.php/site/login
---
2015/02/04 19:42:16 [error] [exception.CException] exception 'CException' with message 'CAssetManager.basePath "E:\wamp2\www\congno\assets" is invalid. Please make sure the directory exists and is writable by the Web server process.' in E:\wamp2\www\framework\web\CAssetManager.php:138
Stack trace:
#0 E:\wamp2\www\framework\web\CAssetManager.php(123): CAssetManager->setBasePath('E:\\wamp2\\www\\co...')
#1 E:\wamp2\www\framework\web\CAssetManager.php(217): CAssetManager->getBasePath()
#2 E:\wamp2\www\framework\web\CClientScript.php(510): CAssetManager->publish('E:\\wamp2\\www\\fr...')
#3 E:\wamp2\www\framework\web\CClientScript.php(547): CClientScript->getCoreScriptUrl()
#4 E:\wamp2\www\framework\web\CClientScript.php(348): CClientScript->getPackageBaseUrl('jquery')
#5 E:\wamp2\www\framework\web\CClientScript.php(208): CClientScript->renderCoreScripts()
#6 E:\wamp2\www\framework\web\CController.php(351): CClientScript->render('<!DOCTYPE html ...')
#7 E:\wamp2\www\framework\web\CController.php(788): CController->processOutput('<!DOCTYPE html ...')
#8 E:\wamp2\www\congno\protected\controllers\SiteController.php(100): CController->render('login', Array)
#9 E:\wamp2\www\framework\web\actions\CInlineAction.php(49): SiteController->actionLogin()
#10 E:\wamp2\www\framework\web\CController.php(308): CInlineAction->runWithParams(Array)
#11 E:\wamp2\www\framework\web\CController.php(286): CController->runAction(Object(CInlineAction))
#12 E:\wamp2\www\framework\web\CController.php(265): CController->runActionWithFilters(Object(CInlineAction), Array)
#13 E:\wamp2\www\framework\web\CWebApplication.php(282): CController->run('login')
#14 E:\wamp2\www\framework\web\CWebApplication.php(141): CWebApplication->runController('site/login')
#15 E:\wamp2\www\framework\base\CApplication.php(180): CWebApplication->processRequest()
#16 E:\wamp2\www\congno\index.php(13): CApplication->run()
#17 {main}
REQUEST_URI=/congno/index.php/site/login
---
2015/02/04 19:42:20 [error] [exception.CException] exception 'CException' with message 'CAssetManager.basePath "E:\wamp2\www\congno\assets" is invalid. Please make sure the directory exists and is writable by the Web server process.' in E:\wamp2\www\framework\web\CAssetManager.php:138
Stack trace:
#0 E:\wamp2\www\framework\web\CAssetManager.php(123): CAssetManager->setBasePath('E:\\wamp2\\www\\co...')
#1 E:\wamp2\www\framework\web\CAssetManager.php(217): CAssetManager->getBasePath()
#2 E:\wamp2\www\framework\web\CClientScript.php(510): CAssetManager->publish('E:\\wamp2\\www\\fr...')
#3 E:\wamp2\www\framework\web\CClientScript.php(547): CClientScript->getCoreScriptUrl()
#4 E:\wamp2\www\framework\web\CClientScript.php(348): CClientScript->getPackageBaseUrl('jquery')
#5 E:\wamp2\www\framework\web\CClientScript.php(208): CClientScript->renderCoreScripts()
#6 E:\wamp2\www\framework\web\CController.php(351): CClientScript->render('<!DOCTYPE html ...')
#7 E:\wamp2\www\framework\web\CController.php(788): CController->processOutput('<!DOCTYPE html ...')
#8 E:\wamp2\www\congno\protected\controllers\SiteController.php(100): CController->render('login', Array)
#9 E:\wamp2\www\framework\web\actions\CInlineAction.php(49): SiteController->actionLogin()
#10 E:\wamp2\www\framework\web\CController.php(308): CInlineAction->runWithParams(Array)
#11 E:\wamp2\www\framework\web\CController.php(286): CController->runAction(Object(CInlineAction))
#12 E:\wamp2\www\framework\web\CController.php(265): CController->runActionWithFilters(Object(CInlineAction), Array)
#13 E:\wamp2\www\framework\web\CWebApplication.php(282): CController->run('login')
#14 E:\wamp2\www\framework\web\CWebApplication.php(141): CWebApplication->runController('site/login')
#15 E:\wamp2\www\framework\base\CApplication.php(180): CWebApplication->processRequest()
#16 E:\wamp2\www\congno\index.php(13): CApplication->run()
#17 {main}
REQUEST_URI=/congno/index.php/site/login
---
2015/02/04 19:42:33 [error] [exception.CException] exception 'CException' with message 'CAssetManager.basePath "E:\wamp2\www\congno\assets" is invalid. Please make sure the directory exists and is writable by the Web server process.' in E:\wamp2\www\framework\web\CAssetManager.php:138
Stack trace:
#0 E:\wamp2\www\framework\web\CAssetManager.php(123): CAssetManager->setBasePath('E:\\wamp2\\www\\co...')
#1 E:\wamp2\www\framework\web\CAssetManager.php(217): CAssetManager->getBasePath()
#2 E:\wamp2\www\framework\web\CClientScript.php(510): CAssetManager->publish('E:\\wamp2\\www\\fr...')
#3 E:\wamp2\www\framework\web\CClientScript.php(547): CClientScript->getCoreScriptUrl()
#4 E:\wamp2\www\framework\web\CClientScript.php(348): CClientScript->getPackageBaseUrl('jquery')
#5 E:\wamp2\www\framework\web\CClientScript.php(208): CClientScript->renderCoreScripts()
#6 E:\wamp2\www\framework\web\CController.php(351): CClientScript->render('<!DOCTYPE html ...')
#7 E:\wamp2\www\framework\web\CController.php(788): CController->processOutput('<!DOCTYPE html ...')
#8 E:\wamp2\www\congno\protected\controllers\SiteController.php(100): CController->render('login', Array)
#9 E:\wamp2\www\framework\web\actions\CInlineAction.php(49): SiteController->actionLogin()
#10 E:\wamp2\www\framework\web\CController.php(308): CInlineAction->runWithParams(Array)
#11 E:\wamp2\www\framework\web\CController.php(286): CController->runAction(Object(CInlineAction))
#12 E:\wamp2\www\framework\web\CController.php(265): CController->runActionWithFilters(Object(CInlineAction), Array)
#13 E:\wamp2\www\framework\web\CWebApplication.php(282): CController->run('login')
#14 E:\wamp2\www\framework\web\CWebApplication.php(141): CWebApplication->runController('site/login')
#15 E:\wamp2\www\framework\base\CApplication.php(180): CWebApplication->processRequest()
#16 E:\wamp2\www\congno\index.php(13): CApplication->run()
#17 {main}
REQUEST_URI=/congno/index.php/site/login
HTTP_REFERER=http://localhost/congno/
---
2015/02/04 19:42:40 [error] [exception.CException] exception 'CException' with message 'CAssetManager.basePath "E:\wamp2\www\congno\assets" is invalid. Please make sure the directory exists and is writable by the Web server process.' in E:\wamp2\www\framework\web\CAssetManager.php:138
Stack trace:
#0 E:\wamp2\www\framework\web\CAssetManager.php(123): CAssetManager->setBasePath('E:\\wamp2\\www\\co...')
#1 E:\wamp2\www\framework\web\CAssetManager.php(217): CAssetManager->getBasePath()
#2 E:\wamp2\www\framework\web\CClientScript.php(510): CAssetManager->publish('E:\\wamp2\\www\\fr...')
#3 E:\wamp2\www\framework\web\CClientScript.php(547): CClientScript->getCoreScriptUrl()
#4 E:\wamp2\www\framework\web\CClientScript.php(348): CClientScript->getPackageBaseUrl('jquery')
#5 E:\wamp2\www\framework\web\CClientScript.php(208): CClientScript->renderCoreScripts()
#6 E:\wamp2\www\framework\web\CController.php(351): CClientScript->render('<!DOCTYPE html ...')
#7 E:\wamp2\www\framework\web\CController.php(788): CController->processOutput('<!DOCTYPE html ...')
#8 E:\wamp2\www\congno\protected\controllers\SiteController.php(100): CController->render('login', Array)
#9 E:\wamp2\www\framework\web\actions\CInlineAction.php(49): SiteController->actionLogin()
#10 E:\wamp2\www\framework\web\CController.php(308): CInlineAction->runWithParams(Array)
#11 E:\wamp2\www\framework\web\CController.php(286): CController->runAction(Object(CInlineAction))
#12 E:\wamp2\www\framework\web\CController.php(265): CController->runActionWithFilters(Object(CInlineAction), Array)
#13 E:\wamp2\www\framework\web\CWebApplication.php(282): CController->run('login')
#14 E:\wamp2\www\framework\web\CWebApplication.php(141): CWebApplication->runController('site/login')
#15 E:\wamp2\www\framework\base\CApplication.php(180): CWebApplication->processRequest()
#16 E:\wamp2\www\congno\index.php(13): CApplication->run()
#17 {main}
REQUEST_URI=/congno/index.php/site/login
HTTP_REFERER=http://localhost/congno/
---
2015/02/05 03:35:21 [error] [exception.CException] exception 'CException' with message 'Property "CDbCriteria.0" is not defined.' in E:\wamp2\www\framework\base\CComponent.php:173
Stack trace:
#0 E:\wamp2\www\framework\db\schema\CDbCriteria.php(160): CComponent->__set('0', false)
#1 E:\wamp2\www\framework\db\schema\CDbCommandBuilder.php(585): CDbCriteria->__construct(Array)
#2 E:\wamp2\www\framework\db\ar\CActiveRecord.php(1469): CDbCommandBuilder->createCriteria(Array, Array)
#3 E:\wamp2\www\congno\protected\views\congno\admin.php(58): CActiveRecord->findAll(Array)
#4 E:\wamp2\www\framework\web\CBaseController.php(126): require('E:\\wamp2\\www\\co...')
#5 E:\wamp2\www\framework\web\CBaseController.php(95): CBaseController->renderInternal('E:\\wamp2\\www\\co...', Array, true)
#6 E:\wamp2\www\framework\web\CController.php(869): CBaseController->renderFile('E:\\wamp2\\www\\co...', Array, true)
#7 E:\wamp2\www\framework\web\CController.php(782): CController->renderPartial('admin', Array, true)
#8 E:\wamp2\www\congno\protected\controllers\CongnoController.php(167): CController->render('admin', Array)
#9 E:\wamp2\www\framework\web\actions\CInlineAction.php(49): CongnoController->actionAdmin()
#10 E:\wamp2\www\framework\web\CController.php(308): CInlineAction->runWithParams(Array)
#11 E:\wamp2\www\framework\web\filters\CFilterChain.php(133): CController->runAction(Object(CInlineAction))
#12 E:\wamp2\www\framework\web\filters\CFilter.php(40): CFilterChain->run()
#13 E:\wamp2\www\framework\web\CController.php(1145): CFilter->filter(Object(CFilterChain))
#14 E:\wamp2\www\framework\web\filters\CInlineFilter.php(58): CController->filterAccessControl(Object(CFilterChain))
#15 E:\wamp2\www\framework\web\filters\CFilterChain.php(130): CInlineFilter->filter(Object(CFilterChain))
#16 E:\wamp2\www\framework\web\CController.php(291): CFilterChain->run()
#17 E:\wamp2\www\framework\web\CController.php(265): CController->runActionWithFilters(Object(CInlineAction), Array)
#18 E:\wamp2\www\framework\web\CWebApplication.php(282): CController->run('admin')
#19 E:\wamp2\www\framework\web\CWebApplication.php(141): CWebApplication->runController('congno/admin')
#20 E:\wamp2\www\framework\base\CApplication.php(180): CWebApplication->processRequest()
#21 E:\wamp2\www\congno\index.php(13): CApplication->run()
#22 {main}
REQUEST_URI=/congno/index.php/congno/admin
HTTP_REFERER=http://localhost/congno/index.php/congno/admin
---
2015/02/05 03:36:05 [error] [system.db.CDbCommand] CDbCommand::fetchAll() failed: SQLSTATE[42S22]: Column not found: 1054 Unknown column 'date' in 'where clause'. The SQL statement executed was: SELECT * FROM `congno` `t` WHERE date > 2015-02-02.
in E:\wamp2\www\congno\protected\views\congno\admin.php (57)
in E:\wamp2\www\congno\protected\controllers\CongnoController.php (167)
in E:\wamp2\www\congno\index.php (13)
2015/02/05 03:36:05 [error] [exception.CDbException] exception 'CDbException' with message 'CDbCommand failed to execute the SQL statement: SQLSTATE[42S22]: Column not found: 1054 Unknown column 'date' in 'where clause'. The SQL statement executed was: SELECT * FROM `congno` `t` WHERE date > 2015-02-02' in E:\wamp2\www\framework\db\CDbCommand.php:543
Stack trace:
#0 E:\wamp2\www\framework\db\CDbCommand.php(396): CDbCommand->queryInternal('fetchAll', Array, Array)
#1 E:\wamp2\www\framework\db\ar\CActiveRecord.php(1351): CDbCommand->queryAll()
#2 E:\wamp2\www\framework\db\ar\CActiveRecord.php(1470): CActiveRecord->query(Object(CDbCriteria), true)
#3 E:\wamp2\www\congno\protected\views\congno\admin.php(57): CActiveRecord->findAll('date > 2015-02-...')
#4 E:\wamp2\www\framework\web\CBaseController.php(126): require('E:\\wamp2\\www\\co...')
#5 E:\wamp2\www\framework\web\CBaseController.php(95): CBaseController->renderInternal('E:\\wamp2\\www\\co...', Array, true)
#6 E:\wamp2\www\framework\web\CController.php(869): CBaseController->renderFile('E:\\wamp2\\www\\co...', Array, true)
#7 E:\wamp2\www\framework\web\CController.php(782): CController->renderPartial('admin', Array, true)
#8 E:\wamp2\www\congno\protected\controllers\CongnoController.php(167): CController->render('admin', Array)
#9 E:\wamp2\www\framework\web\actions\CInlineAction.php(49): CongnoController->actionAdmin()
#10 E:\wamp2\www\framework\web\CController.php(308): CInlineAction->runWithParams(Array)
#11 E:\wamp2\www\framework\web\filters\CFilterChain.php(133): CController->runAction(Object(CInlineAction))
#12 E:\wamp2\www\framework\web\filters\CFilter.php(40): CFilterChain->run()
#13 E:\wamp2\www\framework\web\CController.php(1145): CFilter->filter(Object(CFilterChain))
#14 E:\wamp2\www\framework\web\filters\CInlineFilter.php(58): CController->filterAccessControl(Object(CFilterChain))
#15 E:\wamp2\www\framework\web\filters\CFilterChain.php(130): CInlineFilter->filter(Object(CFilterChain))
#16 E:\wamp2\www\framework\web\CController.php(291): CFilterChain->run()
#17 E:\wamp2\www\framework\web\CController.php(265): CController->runActionWithFilters(Object(CInlineAction), Array)
#18 E:\wamp2\www\framework\web\CWebApplication.php(282): CController->run('admin')
#19 E:\wamp2\www\framework\web\CWebApplication.php(141): CWebApplication->runController('congno/admin')
#20 E:\wamp2\www\framework\base\CApplication.php(180): CWebApplication->processRequest()
#21 E:\wamp2\www\congno\index.php(13): CApplication->run()
#22 {main}
REQUEST_URI=/congno/index.php/congno/admin
HTTP_REFERER=http://localhost/congno/index.php/congno/admin
---
2015/02/05 03:37:13 [error] [php] Array to string conversion (E:\wamp2\www\congno\protected\views\congno\admin.php:59)
Stack trace:
#0 E:\wamp2\www\framework\web\CController.php(869): CongnoController->renderFile()
#1 E:\wamp2\www\framework\web\CController.php(782): CongnoController->renderPartial()
#2 E:\wamp2\www\congno\protected\controllers\CongnoController.php(167): CongnoController->render()
#3 E:\wamp2\www\framework\web\actions\CInlineAction.php(49): CongnoController->actionAdmin()
#4 E:\wamp2\www\framework\web\CController.php(308): CInlineAction->runWithParams()
#5 E:\wamp2\www\framework\web\filters\CFilterChain.php(133): CongnoController->runAction()
#6 E:\wamp2\www\framework\web\filters\CFilter.php(40): CFilterChain->run()
#7 E:\wamp2\www\framework\web\CController.php(1145): CAccessControlFilter->filter()
#8 E:\wamp2\www\framework\web\filters\CInlineFilter.php(58): CongnoController->filterAccessControl()
#9 E:\wamp2\www\framework\web\filters\CFilterChain.php(130): CInlineFilter->filter()
#10 E:\wamp2\www\framework\web\CController.php(291): CFilterChain->run()
#11 E:\wamp2\www\framework\web\CController.php(265): CongnoController->runActionWithFilters()
#12 E:\wamp2\www\framework\web\CWebApplication.php(282): CongnoController->run()
#13 E:\wamp2\www\framework\web\CWebApplication.php(141): CWebApplication->runController()
#14 E:\wamp2\www\framework\base\CApplication.php(180): CWebApplication->processRequest()
#15 E:\wamp2\www\congno\index.php(13): CWebApplication->run()
REQUEST_URI=/congno/index.php/congno/admin
in E:\wamp2\www\congno\protected\views\congno\admin.php (59)
in E:\wamp2\www\congno\protected\controllers\CongnoController.php (167)
in E:\wamp2\www\congno\index.php (13)
2015/02/05 18:23:01 [error] [php] Array to string conversion (E:\wamp2\www\congno\protected\views\congno\admin.php:57)
Stack trace:
#0 E:\wamp2\www\framework\web\CController.php(869): CongnoController->renderFile()
#1 E:\wamp2\www\framework\web\CController.php(782): CongnoController->renderPartial()
#2 E:\wamp2\www\congno\protected\controllers\CongnoController.php(167): CongnoController->render()
#3 E:\wamp2\www\framework\web\actions\CInlineAction.php(49): CongnoController->actionAdmin()
#4 E:\wamp2\www\framework\web\CController.php(308): CInlineAction->runWithParams()
#5 E:\wamp2\www\framework\web\filters\CFilterChain.php(133): CongnoController->runAction()
#6 E:\wamp2\www\framework\web\filters\CFilter.php(40): CFilterChain->run()
#7 E:\wamp2\www\framework\web\CController.php(1145): CAccessControlFilter->filter()
#8 E:\wamp2\www\framework\web\filters\CInlineFilter.php(58): CongnoController->filterAccessControl()
#9 E:\wamp2\www\framework\web\filters\CFilterChain.php(130): CInlineFilter->filter()
#10 E:\wamp2\www\framework\web\CController.php(291): CFilterChain->run()
#11 E:\wamp2\www\framework\web\CController.php(265): CongnoController->runActionWithFilters()
#12 E:\wamp2\www\framework\web\CWebApplication.php(282): CongnoController->run()
#13 E:\wamp2\www\framework\web\CWebApplication.php(141): CWebApplication->runController()
#14 E:\wamp2\www\framework\base\CApplication.php(180): CWebApplication->processRequest()
#15 E:\wamp2\www\congno\index.php(13): CWebApplication->run()
REQUEST_URI=/congno/index.php/congno/admin
in E:\wamp2\www\congno\protected\views\congno\admin.php (57)
in E:\wamp2\www\congno\protected\controllers\CongnoController.php (167)
in E:\wamp2\www\congno\index.php (13)
2015/02/05 18:28:48 [error] [php] Array to string conversion (E:\wamp2\www\congno\protected\views\congno\admin.php:57)
Stack trace:
#0 E:\wamp2\www\framework\web\CController.php(869): CongnoController->renderFile()
#1 E:\wamp2\www\framework\web\CController.php(782): CongnoController->renderPartial()
#2 E:\wamp2\www\congno\protected\controllers\CongnoController.php(167): CongnoController->render()
#3 E:\wamp2\www\framework\web\actions\CInlineAction.php(49): CongnoController->actionAdmin()
#4 E:\wamp2\www\framework\web\CController.php(308): CInlineAction->runWithParams()
#5 E:\wamp2\www\framework\web\filters\CFilterChain.php(133): CongnoController->runAction()
#6 E:\wamp2\www\framework\web\filters\CFilter.php(40): CFilterChain->run()
#7 E:\wamp2\www\framework\web\CController.php(1145): CAccessControlFilter->filter()
#8 E:\wamp2\www\framework\web\filters\CInlineFilter.php(58): CongnoController->filterAccessControl()
#9 E:\wamp2\www\framework\web\filters\CFilterChain.php(130): CInlineFilter->filter()
#10 E:\wamp2\www\framework\web\CController.php(291): CFilterChain->run()
#11 E:\wamp2\www\framework\web\CController.php(265): CongnoController->runActionWithFilters()
#12 E:\wamp2\www\framework\web\CWebApplication.php(282): CongnoController->run()
#13 E:\wamp2\www\framework\web\CWebApplication.php(141): CWebApplication->runController()
#14 E:\wamp2\www\framework\base\CApplication.php(180): CWebApplication->processRequest()
#15 E:\wamp2\www\congno\index.php(13): CWebApplication->run()
REQUEST_URI=/congno/index.php/congno/admin
in E:\wamp2\www\congno\protected\views\congno\admin.php (57)
in E:\wamp2\www\congno\protected\controllers\CongnoController.php (167)
in E:\wamp2\www\congno\index.php (13)
2015/02/05 18:29:15 [error] [php] Array to string conversion (E:\wamp2\www\congno\protected\views\congno\admin.php:57)
Stack trace:
#0 E:\wamp2\www\framework\web\CController.php(869): CongnoController->renderFile()
#1 E:\wamp2\www\framework\web\CController.php(782): CongnoController->renderPartial()
#2 E:\wamp2\www\congno\protected\controllers\CongnoController.php(167): CongnoController->render()
#3 E:\wamp2\www\framework\web\actions\CInlineAction.php(49): CongnoController->actionAdmin()
#4 E:\wamp2\www\framework\web\CController.php(308): CInlineAction->runWithParams()
#5 E:\wamp2\www\framework\web\filters\CFilterChain.php(133): CongnoController->runAction()
#6 E:\wamp2\www\framework\web\filters\CFilter.php(40): CFilterChain->run()
#7 E:\wamp2\www\framework\web\CController.php(1145): CAccessControlFilter->filter()
#8 E:\wamp2\www\framework\web\filters\CInlineFilter.php(58): CongnoController->filterAccessControl()
#9 E:\wamp2\www\framework\web\filters\CFilterChain.php(130): CInlineFilter->filter()
#10 E:\wamp2\www\framework\web\CController.php(291): CFilterChain->run()
#11 E:\wamp2\www\framework\web\CController.php(265): CongnoController->runActionWithFilters()
#12 E:\wamp2\www\framework\web\CWebApplication.php(282): CongnoController->run()
#13 E:\wamp2\www\framework\web\CWebApplication.php(141): CWebApplication->runController()
#14 E:\wamp2\www\framework\base\CApplication.php(180): CWebApplication->processRequest()
#15 E:\wamp2\www\congno\index.php(13): CWebApplication->run()
REQUEST_URI=/congno/index.php/congno/admin
in E:\wamp2\www\congno\protected\views\congno\admin.php (57)
in E:\wamp2\www\congno\protected\controllers\CongnoController.php (167)
in E:\wamp2\www\congno\index.php (13)
2015/02/05 18:35:48 [error] [php] Array to string conversion (E:\wamp2\www\congno\protected\views\congno\admin.php:57)
Stack trace:
#0 E:\wamp2\www\framework\web\CController.php(869): CongnoController->renderFile()
#1 E:\wamp2\www\framework\web\CController.php(782): CongnoController->renderPartial()
#2 E:\wamp2\www\congno\protected\controllers\CongnoController.php(167): CongnoController->render()
#3 E:\wamp2\www\framework\web\actions\CInlineAction.php(49): CongnoController->actionAdmin()
#4 E:\wamp2\www\framework\web\CController.php(308): CInlineAction->runWithParams()
#5 E:\wamp2\www\framework\web\filters\CFilterChain.php(133): CongnoController->runAction()
#6 E:\wamp2\www\framework\web\filters\CFilter.php(40): CFilterChain->run()
#7 E:\wamp2\www\framework\web\CController.php(1145): CAccessControlFilter->filter()
#8 E:\wamp2\www\framework\web\filters\CInlineFilter.php(58): CongnoController->filterAccessControl()
#9 E:\wamp2\www\framework\web\filters\CFilterChain.php(130): CInlineFilter->filter()
#10 E:\wamp2\www\framework\web\CController.php(291): CFilterChain->run()
#11 E:\wamp2\www\framework\web\CController.php(265): CongnoController->runActionWithFilters()
#12 E:\wamp2\www\framework\web\CWebApplication.php(282): CongnoController->run()
#13 E:\wamp2\www\framework\web\CWebApplication.php(141): CWebApplication->runController()
#14 E:\wamp2\www\framework\base\CApplication.php(180): CWebApplication->processRequest()
#15 E:\wamp2\www\congno\index.php(13): CWebApplication->run()
REQUEST_URI=/congno/index.php/congno/admin
in E:\wamp2\www\congno\protected\views\congno\admin.php (57)
in E:\wamp2\www\congno\protected\controllers\CongnoController.php (167)
in E:\wamp2\www\congno\index.php (13)
2015/02/05 18:36:35 [error] [php] Array to string conversion (E:\wamp2\www\congno\protected\views\congno\admin.php:57)
Stack trace:
#0 E:\wamp2\www\framework\web\CController.php(869): CongnoController->renderFile()
#1 E:\wamp2\www\framework\web\CController.php(782): CongnoController->renderPartial()
#2 E:\wamp2\www\congno\protected\controllers\CongnoController.php(167): CongnoController->render()
#3 E:\wamp2\www\framework\web\actions\CInlineAction.php(49): CongnoController->actionAdmin()
#4 E:\wamp2\www\framework\web\CController.php(308): CInlineAction->runWithParams()
#5 E:\wamp2\www\framework\web\filters\CFilterChain.php(133): CongnoController->runAction()
#6 E:\wamp2\www\framework\web\filters\CFilter.php(40): CFilterChain->run()
#7 E:\wamp2\www\framework\web\CController.php(1145): CAccessControlFilter->filter()
#8 E:\wamp2\www\framework\web\filters\CInlineFilter.php(58): CongnoController->filterAccessControl()
#9 E:\wamp2\www\framework\web\filters\CFilterChain.php(130): CInlineFilter->filter()
#10 E:\wamp2\www\framework\web\CController.php(291): CFilterChain->run()
#11 E:\wamp2\www\framework\web\CController.php(265): CongnoController->runActionWithFilters()
#12 E:\wamp2\www\framework\web\CWebApplication.php(282): CongnoController->run()
#13 E:\wamp2\www\framework\web\CWebApplication.php(141): CWebApplication->runController()
#14 E:\wamp2\www\framework\base\CApplication.php(180): CWebApplication->processRequest()
#15 E:\wamp2\www\congno\index.php(13): CWebApplication->run()
REQUEST_URI=/congno/index.php/congno/admin
in E:\wamp2\www\congno\protected\views\congno\admin.php (57)
in E:\wamp2\www\congno\protected\controllers\CongnoController.php (167)
in E:\wamp2\www\congno\index.php (13)
2015/02/05 18:37:33 [error] [php] Array to string conversion (E:\wamp2\www\congno\protected\views\congno\admin.php:57)
Stack trace:
#0 E:\wamp2\www\framework\web\CController.php(869): CongnoController->renderFile()
#1 E:\wamp2\www\framework\web\CController.php(782): CongnoController->renderPartial()
#2 E:\wamp2\www\congno\protected\controllers\CongnoController.php(167): CongnoController->render()
#3 E:\wamp2\www\framework\web\actions\CInlineAction.php(49): CongnoController->actionAdmin()
#4 E:\wamp2\www\framework\web\CController.php(308): CInlineAction->runWithParams()
#5 E:\wamp2\www\framework\web\filters\CFilterChain.php(133): CongnoController->runAction()
#6 E:\wamp2\www\framework\web\filters\CFilter.php(40): CFilterChain->run()
#7 E:\wamp2\www\framework\web\CController.php(1145): CAccessControlFilter->filter()
#8 E:\wamp2\www\framework\web\filters\CInlineFilter.php(58): CongnoController->filterAccessControl()
#9 E:\wamp2\www\framework\web\filters\CFilterChain.php(130): CInlineFilter->filter()
#10 E:\wamp2\www\framework\web\CController.php(291): CFilterChain->run()
#11 E:\wamp2\www\framework\web\CController.php(265): CongnoController->runActionWithFilters()
#12 E:\wamp2\www\framework\web\CWebApplication.php(282): CongnoController->run()
#13 E:\wamp2\www\framework\web\CWebApplication.php(141): CWebApplication->runController()
#14 E:\wamp2\www\framework\base\CApplication.php(180): CWebApplication->processRequest()
#15 E:\wamp2\www\congno\index.php(13): CWebApplication->run()
REQUEST_URI=/congno/index.php/congno/admin
in E:\wamp2\www\congno\protected\views\congno\admin.php (57)
in E:\wamp2\www\congno\protected\controllers\CongnoController.php (167)
in E:\wamp2\www\congno\index.php (13)
2015/02/05 18:46:06 [error] [system.db.CDbCommand] CDbCommand::fetchAll() failed: SQLSTATE[42000]: Syntax error or access violation: 1305 FUNCTION congno.strtotime does not exist. The SQL statement executed was: SELECT * FROM `congno` `t` WHERE ngay = strtotime(2015-02-03).
in E:\wamp2\www\congno\protected\views\congno\admin.php (55)
in E:\wamp2\www\congno\protected\controllers\CongnoController.php (167)
in E:\wamp2\www\congno\index.php (13)
2015/02/05 18:46:06 [error] [exception.CDbException] exception 'CDbException' with message 'CDbCommand failed to execute the SQL statement: SQLSTATE[42000]: Syntax error or access violation: 1305 FUNCTION congno.strtotime does not exist. The SQL statement executed was: SELECT * FROM `congno` `t` WHERE ngay = strtotime(2015-02-03)' in E:\wamp2\www\framework\db\CDbCommand.php:543
Stack trace:
#0 E:\wamp2\www\framework\db\CDbCommand.php(396): CDbCommand->queryInternal('fetchAll', Array, Array)
#1 E:\wamp2\www\framework\db\ar\CActiveRecord.php(1351): CDbCommand->queryAll()
#2 E:\wamp2\www\framework\db\ar\CActiveRecord.php(1470): CActiveRecord->query(Object(CDbCriteria), true)
#3 E:\wamp2\www\congno\protected\views\congno\admin.php(55): CActiveRecord->findAll('ngay = strtotim...')
#4 E:\wamp2\www\framework\web\CBaseController.php(126): require('E:\\wamp2\\www\\co...')
#5 E:\wamp2\www\framework\web\CBaseController.php(95): CBaseController->renderInternal('E:\\wamp2\\www\\co...', Array, true)
#6 E:\wamp2\www\framework\web\CController.php(869): CBaseController->renderFile('E:\\wamp2\\www\\co...', Array, true)
#7 E:\wamp2\www\framework\web\CController.php(782): CController->renderPartial('admin', Array, true)
#8 E:\wamp2\www\congno\protected\controllers\CongnoController.php(167): CController->render('admin', Array)
#9 E:\wamp2\www\framework\web\actions\CInlineAction.php(49): CongnoController->actionAdmin()
#10 E:\wamp2\www\framework\web\CController.php(308): CInlineAction->runWithParams(Array)
#11 E:\wamp2\www\framework\web\filters\CFilterChain.php(133): CController->runAction(Object(CInlineAction))
#12 E:\wamp2\www\framework\web\filters\CFilter.php(40): CFilterChain->run()
#13 E:\wamp2\www\framework\web\CController.php(1145): CFilter->filter(Object(CFilterChain))
#14 E:\wamp2\www\framework\web\filters\CInlineFilter.php(58): CController->filterAccessControl(Object(CFilterChain))
#15 E:\wamp2\www\framework\web\filters\CFilterChain.php(130): CInlineFilter->filter(Object(CFilterChain))
#16 E:\wamp2\www\framework\web\CController.php(291): CFilterChain->run()
#17 E:\wamp2\www\framework\web\CController.php(265): CController->runActionWithFilters(Object(CInlineAction), Array)
#18 E:\wamp2\www\framework\web\CWebApplication.php(282): CController->run('admin')
#19 E:\wamp2\www\framework\web\CWebApplication.php(141): CWebApplication->runController('congno/admin')
#20 E:\wamp2\www\framework\base\CApplication.php(180): CWebApplication->processRequest()
#21 E:\wamp2\www\congno\index.php(13): CApplication->run()
#22 {main}
REQUEST_URI=/congno/index.php/congno/admin
HTTP_REFERER=http://localhost/congno/index.php/congno/admin
---
2015/02/05 18:47:06 [error] [system.db.CDbCommand] CDbCommand::fetchAll() failed: SQLSTATE[42000]: Syntax error or access violation: 1305 FUNCTION congno.strtotime does not exist. The SQL statement executed was: SELECT * FROM `congno` `t` WHERE ngay = strtotime($date1).
in E:\wamp2\www\congno\protected\views\congno\admin.php (55)
in E:\wamp2\www\congno\protected\controllers\CongnoController.php (167)
in E:\wamp2\www\congno\index.php (13)
2015/02/05 18:47:06 [error] [exception.CDbException] exception 'CDbException' with message 'CDbCommand failed to execute the SQL statement: SQLSTATE[42000]: Syntax error or access violation: 1305 FUNCTION congno.strtotime does not exist. The SQL statement executed was: SELECT * FROM `congno` `t` WHERE ngay = strtotime($date1)' in E:\wamp2\www\framework\db\CDbCommand.php:543
Stack trace:
#0 E:\wamp2\www\framework\db\CDbCommand.php(396): CDbCommand->queryInternal('fetchAll', Array, Array)
#1 E:\wamp2\www\framework\db\ar\CActiveRecord.php(1351): CDbCommand->queryAll()
#2 E:\wamp2\www\framework\db\ar\CActiveRecord.php(1470): CActiveRecord->query(Object(CDbCriteria), true)
#3 E:\wamp2\www\congno\protected\views\congno\admin.php(55): CActiveRecord->findAll('ngay = strtotim...')
#4 E:\wamp2\www\framework\web\CBaseController.php(126): require('E:\\wamp2\\www\\co...')
#5 E:\wamp2\www\framework\web\CBaseController.php(95): CBaseController->renderInternal('E:\\wamp2\\www\\co...', Array, true)
#6 E:\wamp2\www\framework\web\CController.php(869): CBaseController->renderFile('E:\\wamp2\\www\\co...', Array, true)
#7 E:\wamp2\www\framework\web\CController.php(782): CController->renderPartial('admin', Array, true)
#8 E:\wamp2\www\congno\protected\controllers\CongnoController.php(167): CController->render('admin', Array)
#9 E:\wamp2\www\framework\web\actions\CInlineAction.php(49): CongnoController->actionAdmin()
#10 E:\wamp2\www\framework\web\CController.php(308): CInlineAction->runWithParams(Array)
#11 E:\wamp2\www\framework\web\filters\CFilterChain.php(133): CController->runAction(Object(CInlineAction))
#12 E:\wamp2\www\framework\web\filters\CFilter.php(40): CFilterChain->run()
#13 E:\wamp2\www\framework\web\CController.php(1145): CFilter->filter(Object(CFilterChain))
#14 E:\wamp2\www\framework\web\filters\CInlineFilter.php(58): CController->filterAccessControl(Object(CFilterChain))
#15 E:\wamp2\www\framework\web\filters\CFilterChain.php(130): CInlineFilter->filter(Object(CFilterChain))
#16 E:\wamp2\www\framework\web\CController.php(291): CFilterChain->run()
#17 E:\wamp2\www\framework\web\CController.php(265): CController->runActionWithFilters(Object(CInlineAction), Array)
#18 E:\wamp2\www\framework\web\CWebApplication.php(282): CController->run('admin')
#19 E:\wamp2\www\framework\web\CWebApplication.php(141): CWebApplication->runController('congno/admin')
#20 E:\wamp2\www\framework\base\CApplication.php(180): CWebApplication->processRequest()
#21 E:\wamp2\www\congno\index.php(13): CApplication->run()
#22 {main}
REQUEST_URI=/congno/index.php/congno/admin
HTTP_REFERER=http://localhost/congno/index.php/congno/admin
---
2015/02/05 18:48:03 [error] [php] Array to string conversion (E:\wamp2\www\congno\protected\views\congno\admin.php:58)
Stack trace:
#0 E:\wamp2\www\framework\web\CController.php(869): CongnoController->renderFile()
#1 E:\wamp2\www\framework\web\CController.php(782): CongnoController->renderPartial()
#2 E:\wamp2\www\congno\protected\controllers\CongnoController.php(167): CongnoController->render()
#3 E:\wamp2\www\framework\web\actions\CInlineAction.php(49): CongnoController->actionAdmin()
#4 E:\wamp2\www\framework\web\CController.php(308): CInlineAction->runWithParams()
#5 E:\wamp2\www\framework\web\filters\CFilterChain.php(133): CongnoController->runAction()
#6 E:\wamp2\www\framework\web\filters\CFilter.php(40): CFilterChain->run()
#7 E:\wamp2\www\framework\web\CController.php(1145): CAccessControlFilter->filter()
#8 E:\wamp2\www\framework\web\filters\CInlineFilter.php(58): CongnoController->filterAccessControl()
#9 E:\wamp2\www\framework\web\filters\CFilterChain.php(130): CInlineFilter->filter()
#10 E:\wamp2\www\framework\web\CController.php(291): CFilterChain->run()
#11 E:\wamp2\www\framework\web\CController.php(265): CongnoController->runActionWithFilters()
#12 E:\wamp2\www\framework\web\CWebApplication.php(282): CongnoController->run()
#13 E:\wamp2\www\framework\web\CWebApplication.php(141): CWebApplication->runController()
#14 E:\wamp2\www\framework\base\CApplication.php(180): CWebApplication->processRequest()
#15 E:\wamp2\www\congno\index.php(13): CWebApplication->run()
REQUEST_URI=/congno/index.php/congno/admin
in E:\wamp2\www\congno\protected\views\congno\admin.php (58)
in E:\wamp2\www\congno\protected\controllers\CongnoController.php (167)
in E:\wamp2\www\congno\index.php (13)
2015/02/05 18:48:32 [error] [system.db.CDbCommand] CDbCommand::fetchAll() failed: SQLSTATE[42000]: Syntax error or access violation: 1305 FUNCTION congno.strtotime does not exist. The SQL statement executed was: SELECT * FROM `congno` `t` WHERE strtotime(ngay) = 1423004400.
in E:\wamp2\www\congno\protected\views\congno\admin.php (56)
in E:\wamp2\www\congno\protected\controllers\CongnoController.php (167)
in E:\wamp2\www\congno\index.php (13)
2015/02/05 18:48:32 [error] [exception.CDbException] exception 'CDbException' with message 'CDbCommand failed to execute the SQL statement: SQLSTATE[42000]: Syntax error or access violation: 1305 FUNCTION congno.strtotime does not exist. The SQL statement executed was: SELECT * FROM `congno` `t` WHERE strtotime(ngay) = 1423004400' in E:\wamp2\www\framework\db\CDbCommand.php:543
Stack trace:
#0 E:\wamp2\www\framework\db\CDbCommand.php(396): CDbCommand->queryInternal('fetchAll', Array, Array)
#1 E:\wamp2\www\framework\db\ar\CActiveRecord.php(1351): CDbCommand->queryAll()
#2 E:\wamp2\www\framework\db\ar\CActiveRecord.php(1470): CActiveRecord->query(Object(CDbCriteria), true)
#3 E:\wamp2\www\congno\protected\views\congno\admin.php(56): CActiveRecord->findAll('strtotime(ngay)...')
#4 E:\wamp2\www\framework\web\CBaseController.php(126): require('E:\\wamp2\\www\\co...')
#5 E:\wamp2\www\framework\web\CBaseController.php(95): CBaseController->renderInternal('E:\\wamp2\\www\\co...', Array, true)
#6 E:\wamp2\www\framework\web\CController.php(869): CBaseController->renderFile('E:\\wamp2\\www\\co...', Array, true)
#7 E:\wamp2\www\framework\web\CController.php(782): CController->renderPartial('admin', Array, true)
#8 E:\wamp2\www\congno\protected\controllers\CongnoController.php(167): CController->render('admin', Array)
#9 E:\wamp2\www\framework\web\actions\CInlineAction.php(49): CongnoController->actionAdmin()
#10 E:\wamp2\www\framework\web\CController.php(308): CInlineAction->runWithParams(Array)
#11 E:\wamp2\www\framework\web\filters\CFilterChain.php(133): CController->runAction(Object(CInlineAction))
#12 E:\wamp2\www\framework\web\filters\CFilter.php(40): CFilterChain->run()
#13 E:\wamp2\www\framework\web\CController.php(1145): CFilter->filter(Object(CFilterChain))
#14 E:\wamp2\www\framework\web\filters\CInlineFilter.php(58): CController->filterAccessControl(Object(CFilterChain))
#15 E:\wamp2\www\framework\web\filters\CFilterChain.php(130): CInlineFilter->filter(Object(CFilterChain))
#16 E:\wamp2\www\framework\web\CController.php(291): CFilterChain->run()
#17 E:\wamp2\www\framework\web\CController.php(265): CController->runActionWithFilters(Object(CInlineAction), Array)
#18 E:\wamp2\www\framework\web\CWebApplication.php(282): CController->run('admin')
#19 E:\wamp2\www\framework\web\CWebApplication.php(141): CWebApplication->runController('congno/admin')
#20 E:\wamp2\www\framework\base\CApplication.php(180): CWebApplication->processRequest()
#21 E:\wamp2\www\congno\index.php(13): CApplication->run()
#22 {main}
REQUEST_URI=/congno/index.php/congno/admin
HTTP_REFERER=http://localhost/congno/index.php/congno/admin
---
2015/02/05 18:49:32 [error] [php] Undefined variable: tong (E:\wamp2\www\congno\protected\views\congno\admin.php:59)
Stack trace:
#0 E:\wamp2\www\framework\web\CController.php(869): CongnoController->renderFile()
#1 E:\wamp2\www\framework\web\CController.php(782): CongnoController->renderPartial()
#2 E:\wamp2\www\congno\protected\controllers\CongnoController.php(167): CongnoController->render()
#3 E:\wamp2\www\framework\web\actions\CInlineAction.php(49): CongnoController->actionAdmin()
#4 E:\wamp2\www\framework\web\CController.php(308): CInlineAction->runWithParams()
#5 E:\wamp2\www\framework\web\filters\CFilterChain.php(133): CongnoController->runAction()
#6 E:\wamp2\www\framework\web\filters\CFilter.php(40): CFilterChain->run()
#7 E:\wamp2\www\framework\web\CController.php(1145): CAccessControlFilter->filter()
#8 E:\wamp2\www\framework\web\filters\CInlineFilter.php(58): CongnoController->filterAccessControl()
#9 E:\wamp2\www\framework\web\filters\CFilterChain.php(130): CInlineFilter->filter()
#10 E:\wamp2\www\framework\web\CController.php(291): CFilterChain->run()
#11 E:\wamp2\www\framework\web\CController.php(265): CongnoController->runActionWithFilters()
#12 E:\wamp2\www\framework\web\CWebApplication.php(282): CongnoController->run()
#13 E:\wamp2\www\framework\web\CWebApplication.php(141): CWebApplication->runController()
#14 E:\wamp2\www\framework\base\CApplication.php(180): CWebApplication->processRequest()
#15 E:\wamp2\www\congno\index.php(13): CWebApplication->run()
REQUEST_URI=/congno/index.php/congno/admin
in E:\wamp2\www\congno\protected\views\congno\admin.php (59)
in E:\wamp2\www\congno\protected\controllers\CongnoController.php (167)
in E:\wamp2\www\congno\index.php (13)
2015/02/05 18:56:49 [error] [system.db.CDbCommand] CDbCommand::fetchAll() failed: SQLSTATE[42000]: Syntax error or access violation: 1305 FUNCTION congno.strtotime does not exist. The SQL statement executed was: SELECT * FROM `congno` `t` WHERE strtotime(ngay) < 1422918000.
in E:\wamp2\www\congno\protected\views\congno\admin.php (59)
in E:\wamp2\www\congno\protected\controllers\CongnoController.php (167)
in E:\wamp2\www\congno\index.php (13)
2015/02/05 18:56:49 [error] [exception.CDbException] exception 'CDbException' with message 'CDbCommand failed to execute the SQL statement: SQLSTATE[42000]: Syntax error or access violation: 1305 FUNCTION congno.strtotime does not exist. The SQL statement executed was: SELECT * FROM `congno` `t` WHERE strtotime(ngay) < 1422918000' in E:\wamp2\www\framework\db\CDbCommand.php:543
Stack trace:
#0 E:\wamp2\www\framework\db\CDbCommand.php(396): CDbCommand->queryInternal('fetchAll', Array, Array)
#1 E:\wamp2\www\framework\db\ar\CActiveRecord.php(1351): CDbCommand->queryAll()
#2 E:\wamp2\www\framework\db\ar\CActiveRecord.php(1470): CActiveRecord->query(Object(CDbCriteria), true)
#3 E:\wamp2\www\congno\protected\views\congno\admin.php(59): CActiveRecord->findAll('strtotime(ngay)...')
#4 E:\wamp2\www\framework\web\CBaseController.php(126): require('E:\\wamp2\\www\\co...')
#5 E:\wamp2\www\framework\web\CBaseController.php(95): CBaseController->renderInternal('E:\\wamp2\\www\\co...', Array, true)
#6 E:\wamp2\www\framework\web\CController.php(869): CBaseController->renderFile('E:\\wamp2\\www\\co...', Array, true)
#7 E:\wamp2\www\framework\web\CController.php(782): CController->renderPartial('admin', Array, true)
#8 E:\wamp2\www\congno\protected\controllers\CongnoController.php(167): CController->render('admin', Array)
#9 E:\wamp2\www\framework\web\actions\CInlineAction.php(49): CongnoController->actionAdmin()
#10 E:\wamp2\www\framework\web\CController.php(308): CInlineAction->runWithParams(Array)
#11 E:\wamp2\www\framework\web\filters\CFilterChain.php(133): CController->runAction(Object(CInlineAction))
#12 E:\wamp2\www\framework\web\filters\CFilter.php(40): CFilterChain->run()
#13 E:\wamp2\www\framework\web\CController.php(1145): CFilter->filter(Object(CFilterChain))
#14 E:\wamp2\www\framework\web\filters\CInlineFilter.php(58): CController->filterAccessControl(Object(CFilterChain))
#15 E:\wamp2\www\framework\web\filters\CFilterChain.php(130): CInlineFilter->filter(Object(CFilterChain))
#16 E:\wamp2\www\framework\web\CController.php(291): CFilterChain->run()
#17 E:\wamp2\www\framework\web\CController.php(265): CController->runActionWithFilters(Object(CInlineAction), Array)
#18 E:\wamp2\www\framework\web\CWebApplication.php(282): CController->run('admin')
#19 E:\wamp2\www\framework\web\CWebApplication.php(141): CWebApplication->runController('congno/admin')
#20 E:\wamp2\www\framework\base\CApplication.php(180): CWebApplication->processRequest()
#21 E:\wamp2\www\congno\index.php(13): CApplication->run()
#22 {main}
REQUEST_URI=/congno/index.php/congno/admin
HTTP_REFERER=http://localhost/congno/index.php/congno/admin
---
2015/02/05 18:57:11 [error] [php] Trying to get property of non-object (E:\wamp2\www\congno\protected\views\congno\admin.php:61)
Stack trace:
#0 E:\wamp2\www\framework\web\CController.php(869): CongnoController->renderFile()
#1 E:\wamp2\www\framework\web\CController.php(782): CongnoController->renderPartial()
#2 E:\wamp2\www\congno\protected\controllers\CongnoController.php(167): CongnoController->render()
#3 E:\wamp2\www\framework\web\actions\CInlineAction.php(49): CongnoController->actionAdmin()
#4 E:\wamp2\www\framework\web\CController.php(308): CInlineAction->runWithParams()
#5 E:\wamp2\www\framework\web\filters\CFilterChain.php(133): CongnoController->runAction()
#6 E:\wamp2\www\framework\web\filters\CFilter.php(40): CFilterChain->run()
#7 E:\wamp2\www\framework\web\CController.php(1145): CAccessControlFilter->filter()
#8 E:\wamp2\www\framework\web\filters\CInlineFilter.php(58): CongnoController->filterAccessControl()
#9 E:\wamp2\www\framework\web\filters\CFilterChain.php(130): CInlineFilter->filter()
#10 E:\wamp2\www\framework\web\CController.php(291): CFilterChain->run()
#11 E:\wamp2\www\framework\web\CController.php(265): CongnoController->runActionWithFilters()
#12 E:\wamp2\www\framework\web\CWebApplication.php(282): CongnoController->run()
#13 E:\wamp2\www\framework\web\CWebApplication.php(141): CWebApplication->runController()
#14 E:\wamp2\www\framework\base\CApplication.php(180): CWebApplication->processRequest()
#15 E:\wamp2\www\congno\index.php(13): CWebApplication->run()
REQUEST_URI=/congno/index.php/congno/admin
in E:\wamp2\www\congno\protected\views\congno\admin.php (61)
in E:\wamp2\www\congno\protected\controllers\CongnoController.php (167)
in E:\wamp2\www\congno\index.php (13)
2015/02/05 18:58:17 [error] [php] Trying to get property of non-object (E:\wamp2\www\congno\protected\views\congno\admin.php:61)
Stack trace:
#0 E:\wamp2\www\framework\web\CController.php(869): CongnoController->renderFile()
#1 E:\wamp2\www\framework\web\CController.php(782): CongnoController->renderPartial()
#2 E:\wamp2\www\congno\protected\controllers\CongnoController.php(167): CongnoController->render()
#3 E:\wamp2\www\framework\web\actions\CInlineAction.php(49): CongnoController->actionAdmin()
#4 E:\wamp2\www\framework\web\CController.php(308): CInlineAction->runWithParams()
#5 E:\wamp2\www\framework\web\filters\CFilterChain.php(133): CongnoController->runAction()
#6 E:\wamp2\www\framework\web\filters\CFilter.php(40): CFilterChain->run()
#7 E:\wamp2\www\framework\web\CController.php(1145): CAccessControlFilter->filter()
#8 E:\wamp2\www\framework\web\filters\CInlineFilter.php(58): CongnoController->filterAccessControl()
#9 E:\wamp2\www\framework\web\filters\CFilterChain.php(130): CInlineFilter->filter()
#10 E:\wamp2\www\framework\web\CController.php(291): CFilterChain->run()
#11 E:\wamp2\www\framework\web\CController.php(265): CongnoController->runActionWithFilters()
#12 E:\wamp2\www\framework\web\CWebApplication.php(282): CongnoController->run()
#13 E:\wamp2\www\framework\web\CWebApplication.php(141): CWebApplication->runController()
#14 E:\wamp2\www\framework\base\CApplication.php(180): CWebApplication->processRequest()
#15 E:\wamp2\www\congno\index.php(13): CWebApplication->run()
REQUEST_URI=/congno/index.php/congno/admin
in E:\wamp2\www\congno\protected\views\congno\admin.php (61)
in E:\wamp2\www\congno\protected\controllers\CongnoController.php (167)
in E:\wamp2\www\congno\index.php (13)
2015/02/05 19:09:46 [error] [system.db.CDbCommand] CDbCommand::fetchAll() failed: SQLSTATE[42000]: Syntax error or access violation: 1305 FUNCTION congno.strtotime does not exist. The SQL statement executed was: SELECT * FROM `congno` `t` WHERE  strtotime(ngay) < 1420239600  .
in E:\wamp2\www\congno\protected\views\congno\admin.php (59)
in E:\wamp2\www\congno\protected\controllers\CongnoController.php (167)
in E:\wamp2\www\congno\index.php (13)
2015/02/05 19:09:46 [error] [exception.CDbException] exception 'CDbException' with message 'CDbCommand failed to execute the SQL statement: SQLSTATE[42000]: Syntax error or access violation: 1305 FUNCTION congno.strtotime does not exist. The SQL statement executed was: SELECT * FROM `congno` `t` WHERE  strtotime(ngay) < 1420239600  ' in E:\wamp2\www\framework\db\CDbCommand.php:543
Stack trace:
#0 E:\wamp2\www\framework\db\CDbCommand.php(396): CDbCommand->queryInternal('fetchAll', Array, Array)
#1 E:\wamp2\www\framework\db\ar\CActiveRecord.php(1351): CDbCommand->queryAll()
#2 E:\wamp2\www\framework\db\ar\CActiveRecord.php(1470): CActiveRecord->query(Object(CDbCriteria), true)
#3 E:\wamp2\www\congno\protected\views\congno\admin.php(59): CActiveRecord->findAll(' strtotime(ngay...')
#4 E:\wamp2\www\framework\web\CBaseController.php(126): require('E:\\wamp2\\www\\co...')
#5 E:\wamp2\www\framework\web\CBaseController.php(95): CBaseController->renderInternal('E:\\wamp2\\www\\co...', Array, true)
#6 E:\wamp2\www\framework\web\CController.php(869): CBaseController->renderFile('E:\\wamp2\\www\\co...', Array, true)
#7 E:\wamp2\www\framework\web\CController.php(782): CController->renderPartial('admin', Array, true)
#8 E:\wamp2\www\congno\protected\controllers\CongnoController.php(167): CController->render('admin', Array)
#9 E:\wamp2\www\framework\web\actions\CInlineAction.php(49): CongnoController->actionAdmin()
#10 E:\wamp2\www\framework\web\CController.php(308): CInlineAction->runWithParams(Array)
#11 E:\wamp2\www\framework\web\filters\CFilterChain.php(133): CController->runAction(Object(CInlineAction))
#12 E:\wamp2\www\framework\web\filters\CFilter.php(40): CFilterChain->run()
#13 E:\wamp2\www\framework\web\CController.php(1145): CFilter->filter(Object(CFilterChain))
#14 E:\wamp2\www\framework\web\filters\CInlineFilter.php(58): CController->filterAccessControl(Object(CFilterChain))
#15 E:\wamp2\www\framework\web\filters\CFilterChain.php(130): CInlineFilter->filter(Object(CFilterChain))
#16 E:\wamp2\www\framework\web\CController.php(291): CFilterChain->run()
#17 E:\wamp2\www\framework\web\CController.php(265): CController->runActionWithFilters(Object(CInlineAction), Array)
#18 E:\wamp2\www\framework\web\CWebApplication.php(282): CController->run('admin')
#19 E:\wamp2\www\framework\web\CWebApplication.php(141): CWebApplication->runController('congno/admin')
#20 E:\wamp2\www\framework\base\CApplication.php(180): CWebApplication->processRequest()
#21 E:\wamp2\www\congno\index.php(13): CApplication->run()
#22 {main}
REQUEST_URI=/congno/index.php/congno/admin
HTTP_REFERER=http://localhost/congno/index.php/congno/admin
---
2015/02/05 19:15:09 [error] [system.db.CDbCommand] CDbCommand::fetchAll() failed: SQLSTATE[42S22]: Column not found: 1054 Unknown column 'strtotime' in 'where clause'. The SQL statement executed was: SELECT * FROM `congno` `t` WHERE  strtotime < 1420239600  .
in E:\wamp2\www\congno\protected\views\congno\admin.php (59)
in E:\wamp2\www\congno\protected\controllers\CongnoController.php (167)
in E:\wamp2\www\congno\index.php (13)
2015/02/05 19:15:09 [error] [exception.CDbException] exception 'CDbException' with message 'CDbCommand failed to execute the SQL statement: SQLSTATE[42S22]: Column not found: 1054 Unknown column 'strtotime' in 'where clause'. The SQL statement executed was: SELECT * FROM `congno` `t` WHERE  strtotime < 1420239600  ' in E:\wamp2\www\framework\db\CDbCommand.php:543
Stack trace:
#0 E:\wamp2\www\framework\db\CDbCommand.php(396): CDbCommand->queryInternal('fetchAll', Array, Array)
#1 E:\wamp2\www\framework\db\ar\CActiveRecord.php(1351): CDbCommand->queryAll()
#2 E:\wamp2\www\framework\db\ar\CActiveRecord.php(1470): CActiveRecord->query(Object(CDbCriteria), true)
#3 E:\wamp2\www\congno\protected\views\congno\admin.php(59): CActiveRecord->findAll(' strtotime < 14...')
#4 E:\wamp2\www\framework\web\CBaseController.php(126): require('E:\\wamp2\\www\\co...')
#5 E:\wamp2\www\framework\web\CBaseController.php(95): CBaseController->renderInternal('E:\\wamp2\\www\\co...', Array, true)
#6 E:\wamp2\www\framework\web\CController.php(869): CBaseController->renderFile('E:\\wamp2\\www\\co...', Array, true)
#7 E:\wamp2\www\framework\web\CController.php(782): CController->renderPartial('admin', Array, true)
#8 E:\wamp2\www\congno\protected\controllers\CongnoController.php(167): CController->render('admin', Array)
#9 E:\wamp2\www\framework\web\actions\CInlineAction.php(49): CongnoController->actionAdmin()
#10 E:\wamp2\www\framework\web\CController.php(308): CInlineAction->runWithParams(Array)
#11 E:\wamp2\www\framework\web\filters\CFilterChain.php(133): CController->runAction(Object(CInlineAction))
#12 E:\wamp2\www\framework\web\filters\CFilter.php(40): CFilterChain->run()
#13 E:\wamp2\www\framework\web\CController.php(1145): CFilter->filter(Object(CFilterChain))
#14 E:\wamp2\www\framework\web\filters\CInlineFilter.php(58): CController->filterAccessControl(Object(CFilterChain))
#15 E:\wamp2\www\framework\web\filters\CFilterChain.php(130): CInlineFilter->filter(Object(CFilterChain))
#16 E:\wamp2\www\framework\web\CController.php(291): CFilterChain->run()
#17 E:\wamp2\www\framework\web\CController.php(265): CController->runActionWithFilters(Object(CInlineAction), Array)
#18 E:\wamp2\www\framework\web\CWebApplication.php(282): CController->run('admin')
#19 E:\wamp2\www\framework\web\CWebApplication.php(141): CWebApplication->runController('congno/admin')
#20 E:\wamp2\www\framework\base\CApplication.php(180): CWebApplication->processRequest()
#21 E:\wamp2\www\congno\index.php(13): CApplication->run()
#22 {main}
REQUEST_URI=/congno/index.php/congno/admin
HTTP_REFERER=http://localhost/congno/index.php/congno/admin
---
2015/02/05 19:15:27 [error] [system.db.CDbCommand] CDbCommand::fetchAll() failed: SQLSTATE[42000]: Syntax error or access violation: 1064 You have an error in your SQL syntax; check the manual that corresponds to your MySQL server version for the right syntax to use near '< 1423522800' at line 1. The SQL statement executed was: SELECT * FROM `congno` `t` WHERE   < 1423522800  .
in E:\wamp2\www\congno\protected\views\congno\admin.php (59)
in E:\wamp2\www\congno\protected\controllers\CongnoController.php (167)
in E:\wamp2\www\congno\index.php (13)
2015/02/05 19:15:27 [error] [exception.CDbException] exception 'CDbException' with message 'CDbCommand failed to execute the SQL statement: SQLSTATE[42000]: Syntax error or access violation: 1064 You have an error in your SQL syntax; check the manual that corresponds to your MySQL server version for the right syntax to use near '< 1423522800' at line 1. The SQL statement executed was: SELECT * FROM `congno` `t` WHERE   < 1423522800  ' in E:\wamp2\www\framework\db\CDbCommand.php:543
Stack trace:
#0 E:\wamp2\www\framework\db\CDbCommand.php(396): CDbCommand->queryInternal('fetchAll', Array, Array)
#1 E:\wamp2\www\framework\db\ar\CActiveRecord.php(1351): CDbCommand->queryAll()
#2 E:\wamp2\www\framework\db\ar\CActiveRecord.php(1470): CActiveRecord->query(Object(CDbCriteria), true)
#3 E:\wamp2\www\congno\protected\views\congno\admin.php(59): CActiveRecord->findAll('  < 1423522800 ...')
#4 E:\wamp2\www\framework\web\CBaseController.php(126): require('E:\\wamp2\\www\\co...')
#5 E:\wamp2\www\framework\web\CBaseController.php(95): CBaseController->renderInternal('E:\\wamp2\\www\\co...', Array, true)
#6 E:\wamp2\www\framework\web\CController.php(869): CBaseController->renderFile('E:\\wamp2\\www\\co...', Array, true)
#7 E:\wamp2\www\framework\web\CController.php(782): CController->renderPartial('admin', Array, true)
#8 E:\wamp2\www\congno\protected\controllers\CongnoController.php(167): CController->render('admin', Array)
#9 E:\wamp2\www\framework\web\actions\CInlineAction.php(49): CongnoController->actionAdmin()
#10 E:\wamp2\www\framework\web\CController.php(308): CInlineAction->runWithParams(Array)
#11 E:\wamp2\www\framework\web\filters\CFilterChain.php(133): CController->runAction(Object(CInlineAction))
#12 E:\wamp2\www\framework\web\filters\CFilter.php(40): CFilterChain->run()
#13 E:\wamp2\www\framework\web\CController.php(1145): CFilter->filter(Object(CFilterChain))
#14 E:\wamp2\www\framework\web\filters\CInlineFilter.php(58): CController->filterAccessControl(Object(CFilterChain))
#15 E:\wamp2\www\framework\web\filters\CFilterChain.php(130): CInlineFilter->filter(Object(CFilterChain))
#16 E:\wamp2\www\framework\web\CController.php(291): CFilterChain->run()
#17 E:\wamp2\www\framework\web\CController.php(265): CController->runActionWithFilters(Object(CInlineAction), Array)
#18 E:\wamp2\www\framework\web\CWebApplication.php(282): CController->run('admin')
#19 E:\wamp2\www\framework\web\CWebApplication.php(141): CWebApplication->runController('congno/admin')
#20 E:\wamp2\www\framework\base\CApplication.php(180): CWebApplication->processRequest()
#21 E:\wamp2\www\congno\index.php(13): CApplication->run()
#22 {main}
REQUEST_URI=/congno/index.php/congno/admin
HTTP_REFERER=http://localhost/congno/index.php/congno/admin
---
2015/02/05 19:15:57 [error] [exception.CException] exception 'CException' with message 'Property "CongnoController.ngay" is not defined.' in E:\wamp2\www\framework\base\CComponent.php:130
Stack trace:
#0 E:\wamp2\www\congno\protected\views\congno\admin.php(59): CComponent->__get('ngay')
#1 E:\wamp2\www\framework\web\CBaseController.php(126): require('E:\\wamp2\\www\\co...')
#2 E:\wamp2\www\framework\web\CBaseController.php(95): CBaseController->renderInternal('E:\\wamp2\\www\\co...', Array, true)
#3 E:\wamp2\www\framework\web\CController.php(869): CBaseController->renderFile('E:\\wamp2\\www\\co...', Array, true)
#4 E:\wamp2\www\framework\web\CController.php(782): CController->renderPartial('admin', Array, true)
#5 E:\wamp2\www\congno\protected\controllers\CongnoController.php(167): CController->render('admin', Array)
#6 E:\wamp2\www\framework\web\actions\CInlineAction.php(49): CongnoController->actionAdmin()
#7 E:\wamp2\www\framework\web\CController.php(308): CInlineAction->runWithParams(Array)
#8 E:\wamp2\www\framework\web\filters\CFilterChain.php(133): CController->runAction(Object(CInlineAction))
#9 E:\wamp2\www\framework\web\filters\CFilter.php(40): CFilterChain->run()
#10 E:\wamp2\www\framework\web\CController.php(1145): CFilter->filter(Object(CFilterChain))
#11 E:\wamp2\www\framework\web\filters\CInlineFilter.php(58): CController->filterAccessControl(Object(CFilterChain))
#12 E:\wamp2\www\framework\web\filters\CFilterChain.php(130): CInlineFilter->filter(Object(CFilterChain))
#13 E:\wamp2\www\framework\web\CController.php(291): CFilterChain->run()
#14 E:\wamp2\www\framework\web\CController.php(265): CController->runActionWithFilters(Object(CInlineAction), Array)
#15 E:\wamp2\www\framework\web\CWebApplication.php(282): CController->run('admin')
#16 E:\wamp2\www\framework\web\CWebApplication.php(141): CWebApplication->runController('congno/admin')
#17 E:\wamp2\www\framework\base\CApplication.php(180): CWebApplication->processRequest()
#18 E:\wamp2\www\congno\index.php(13): CApplication->run()
#19 {main}
REQUEST_URI=/congno/index.php/congno/admin
HTTP_REFERER=http://localhost/congno/index.php/congno/admin
---
2015/02/05 19:24:32 [error] [exception.CDbException] exception 'CDbException' with message 'Table "congno" does not have a column named "select".' in E:\wamp2\www\framework\db\schema\CDbCommandBuilder.php:694
Stack trace:
#0 E:\wamp2\www\framework\db\ar\CActiveRecord.php(1535): CDbCommandBuilder->createColumnCriteria(Object(CMysqlTableSchema), Object(CDbCriteria), '', Array, '`t`.')
#1 E:\wamp2\www\congno\protected\views\congno\admin.php(66): CActiveRecord->findAllByAttributes(Object(CDbCriteria))
#2 E:\wamp2\www\framework\web\CBaseController.php(126): require('E:\\wamp2\\www\\co...')
#3 E:\wamp2\www\framework\web\CBaseController.php(95): CBaseController->renderInternal('E:\\wamp2\\www\\co...', Array, true)
#4 E:\wamp2\www\framework\web\CController.php(869): CBaseController->renderFile('E:\\wamp2\\www\\co...', Array, true)
#5 E:\wamp2\www\framework\web\CController.php(782): CController->renderPartial('admin', Array, true)
#6 E:\wamp2\www\congno\protected\controllers\CongnoController.php(167): CController->render('admin', Array)
#7 E:\wamp2\www\framework\web\actions\CInlineAction.php(49): CongnoController->actionAdmin()
#8 E:\wamp2\www\framework\web\CController.php(308): CInlineAction->runWithParams(Array)
#9 E:\wamp2\www\framework\web\filters\CFilterChain.php(133): CController->runAction(Object(CInlineAction))
#10 E:\wamp2\www\framework\web\filters\CFilter.php(40): CFilterChain->run()
#11 E:\wamp2\www\framework\web\CController.php(1145): CFilter->filter(Object(CFilterChain))
#12 E:\wamp2\www\framework\web\filters\CInlineFilter.php(58): CController->filterAccessControl(Object(CFilterChain))
#13 E:\wamp2\www\framework\web\filters\CFilterChain.php(130): CInlineFilter->filter(Object(CFilterChain))
#14 E:\wamp2\www\framework\web\CController.php(291): CFilterChain->run()
#15 E:\wamp2\www\framework\web\CController.php(265): CController->runActionWithFilters(Object(CInlineAction), Array)
#16 E:\wamp2\www\framework\web\CWebApplication.php(282): CController->run('admin')
#17 E:\wamp2\www\framework\web\CWebApplication.php(141): CWebApplication->runController('congno/admin')
#18 E:\wamp2\www\framework\base\CApplication.php(180): CWebApplication->processRequest()
#19 E:\wamp2\www\congno\index.php(13): CApplication->run()
#20 {main}
REQUEST_URI=/congno/index.php/congno/admin
HTTP_REFERER=http://localhost/congno/index.php/congno/admin
---
2015/02/05 19:34:30 [error] [php] Undefined variable: date1 (E:\wamp2\www\congno\protected\views\congno\admin.php:84)
Stack trace:
#0 E:\wamp2\www\framework\web\CController.php(869): CongnoController->renderFile()
#1 E:\wamp2\www\framework\web\CController.php(782): CongnoController->renderPartial()
#2 E:\wamp2\www\congno\protected\controllers\CongnoController.php(167): CongnoController->render()
#3 E:\wamp2\www\framework\web\actions\CInlineAction.php(49): CongnoController->actionAdmin()
#4 E:\wamp2\www\framework\web\CController.php(308): CInlineAction->runWithParams()
#5 E:\wamp2\www\framework\web\filters\CFilterChain.php(133): CongnoController->runAction()
#6 E:\wamp2\www\framework\web\filters\CFilter.php(40): CFilterChain->run()
#7 E:\wamp2\www\framework\web\CController.php(1145): CAccessControlFilter->filter()
#8 E:\wamp2\www\framework\web\filters\CInlineFilter.php(58): CongnoController->filterAccessControl()
#9 E:\wamp2\www\framework\web\filters\CFilterChain.php(130): CInlineFilter->filter()
#10 E:\wamp2\www\framework\web\CController.php(291): CFilterChain->run()
#11 E:\wamp2\www\framework\web\CController.php(265): CongnoController->runActionWithFilters()
#12 E:\wamp2\www\framework\web\CWebApplication.php(282): CongnoController->run()
#13 E:\wamp2\www\framework\web\CWebApplication.php(141): CWebApplication->runController()
#14 E:\wamp2\www\framework\base\CApplication.php(180): CWebApplication->processRequest()
#15 E:\wamp2\www\congno\index.php(13): CWebApplication->run()
REQUEST_URI=/congno/index.php/congno/admin
in E:\wamp2\www\congno\protected\views\congno\admin.php (84)
in E:\wamp2\www\congno\protected\controllers\CongnoController.php (167)
in E:\wamp2\www\congno\index.php (13)
2015/02/05 19:45:47 [error] [php] Undefined variable: date1 (E:\wamp2\www\congno\protected\views\congno\admin.php:39)
Stack trace:
#0 E:\wamp2\www\framework\web\CController.php(869): CongnoController->renderFile()
#1 E:\wamp2\www\framework\web\CController.php(782): CongnoController->renderPartial()
#2 E:\wamp2\www\congno\protected\controllers\CongnoController.php(167): CongnoController->render()
#3 E:\wamp2\www\framework\web\actions\CInlineAction.php(49): CongnoController->actionAdmin()
#4 E:\wamp2\www\framework\web\CController.php(308): CInlineAction->runWithParams()
#5 E:\wamp2\www\framework\web\filters\CFilterChain.php(133): CongnoController->runAction()
#6 E:\wamp2\www\framework\web\filters\CFilter.php(40): CFilterChain->run()
#7 E:\wamp2\www\framework\web\CController.php(1145): CAccessControlFilter->filter()
#8 E:\wamp2\www\framework\web\filters\CInlineFilter.php(58): CongnoController->filterAccessControl()
#9 E:\wamp2\www\framework\web\filters\CFilterChain.php(130): CInlineFilter->filter()
#10 E:\wamp2\www\framework\web\CController.php(291): CFilterChain->run()
#11 E:\wamp2\www\framework\web\CController.php(265): CongnoController->runActionWithFilters()
#12 E:\wamp2\www\framework\web\CWebApplication.php(282): CongnoController->run()
#13 E:\wamp2\www\framework\web\CWebApplication.php(141): CWebApplication->runController()
#14 E:\wamp2\www\framework\base\CApplication.php(180): CWebApplication->processRequest()
#15 E:\wamp2\www\congno\index.php(13): CWebApplication->run()
REQUEST_URI=/congno/index.php/congno/admin
in E:\wamp2\www\congno\protected\views\congno\admin.php (39)
in E:\wamp2\www\congno\protected\controllers\CongnoController.php (167)
in E:\wamp2\www\congno\index.php (13)
2015/02/05 19:46:03 [error] [php] Undefined variable: date1 (E:\wamp2\www\congno\protected\views\congno\admin.php:39)
Stack trace:
#0 E:\wamp2\www\framework\web\CController.php(869): CongnoController->renderFile()
#1 E:\wamp2\www\framework\web\CController.php(782): CongnoController->renderPartial()
#2 E:\wamp2\www\congno\protected\controllers\CongnoController.php(167): CongnoController->render()
#3 E:\wamp2\www\framework\web\actions\CInlineAction.php(49): CongnoController->actionAdmin()
#4 E:\wamp2\www\framework\web\CController.php(308): CInlineAction->runWithParams()
#5 E:\wamp2\www\framework\web\filters\CFilterChain.php(133): CongnoController->runAction()
#6 E:\wamp2\www\framework\web\filters\CFilter.php(40): CFilterChain->run()
#7 E:\wamp2\www\framework\web\CController.php(1145): CAccessControlFilter->filter()
#8 E:\wamp2\www\framework\web\filters\CInlineFilter.php(58): CongnoController->filterAccessControl()
#9 E:\wamp2\www\framework\web\filters\CFilterChain.php(130): CInlineFilter->filter()
#10 E:\wamp2\www\framework\web\CController.php(291): CFilterChain->run()
#11 E:\wamp2\www\framework\web\CController.php(265): CongnoController->runActionWithFilters()
#12 E:\wamp2\www\framework\web\CWebApplication.php(282): CongnoController->run()
#13 E:\wamp2\www\framework\web\CWebApplication.php(141): CWebApplication->runController()
#14 E:\wamp2\www\framework\base\CApplication.php(180): CWebApplication->processRequest()
#15 E:\wamp2\www\congno\index.php(13): CWebApplication->run()
REQUEST_URI=/congno/index.php/congno/admin
in E:\wamp2\www\congno\protected\views\congno\admin.php (39)
in E:\wamp2\www\congno\protected\controllers\CongnoController.php (167)
in E:\wamp2\www\congno\index.php (13)
